Fri Aug 07 2020 04:36:26 GMT-0400 (Eastern Daylight Time)=>Please type your issue in detail here and wait while one of the <@&725047753360539830> or <@&725209899549589534> comes to assist you ~!
Fri Aug 07 2020 04:36:48 GMT-0400 (Eastern Daylight Time)=>hello?
Fri Aug 07 2020 04:36:51 GMT-0400 (Eastern Daylight Time)=>yo
Fri Aug 07 2020 04:36:55 GMT-0400 (Eastern Daylight Time)=>XD
Fri Aug 07 2020 04:37:04 GMT-0400 (Eastern Daylight Time)=><:ping:726033560791941201>
Fri Aug 07 2020 04:37:09 GMT-0400 (Eastern Daylight Time)=>😄
Fri Aug 07 2020 04:37:33 GMT-0400 (Eastern Daylight Time)=><:ping:726033560791941201>
Fri Aug 07 2020 04:37:40 GMT-0400 (Eastern Daylight Time)=><:watler:725677866330882118>
Fri Aug 07 2020 04:38:08 GMT-0400 (Eastern Daylight Time)=>https://tenor.com/view/oh-yes-what-huh-confused-kid-gif-16656052
Fri Aug 07 2020 04:38:11 GMT-0400 (Eastern Daylight Time)=>yuki be like
Fri Aug 07 2020 04:38:33 GMT-0400 (Eastern Daylight Time)=>.spawn lol
Fri Aug 07 2020 04:38:33 GMT-0400 (Eastern Daylight Time)=>lol
Fri Aug 07 2020 04:40:06 GMT-0400 (Eastern Daylight Time)=><@!381089806454620171>  u scared her
Fri Aug 07 2020 04:40:20 GMT-0400 (Eastern Daylight Time)=>XD
Fri Aug 07 2020 04:40:32 GMT-0400 (Eastern Daylight Time)=><:KannaSip:725247269732876298>
Fri Aug 07 2020 04:40:45 GMT-0400 (Eastern Daylight Time)=>
Fri Aug 07 2020 04:40:45 GMT-0400 (Eastern Daylight Time)=>> hello?
<@!712789056378896514> hlo?
Fri Aug 07 2020 04:40:59 GMT-0400 (Eastern Daylight Time)=>lmaoo
Fri Aug 07 2020 04:43:59 GMT-0400 (Eastern Daylight Time)=>
Fri Aug 07 2020 04:44:00 GMT-0400 (Eastern Daylight Time)=>
Fri Aug 07 2020 04:46:42 GMT-0400 (Eastern Daylight Time)=>Rank badhena vaneko ?
Fri Aug 07 2020 04:46:51 GMT-0400 (Eastern Daylight Time)=>paisa xaina hola ni
Fri Aug 07 2020 04:46:51 GMT-0400 (Eastern Daylight Time)=>Afai badcha.. it takes some time.
Fri Aug 07 2020 04:46:54 GMT-0400 (Eastern Daylight Time)=>or enough blocks
Fri Aug 07 2020 04:47:06 GMT-0400 (Eastern Daylight Time)=>ok
Fri Aug 07 2020 04:47:29 GMT-0400 (Eastern Daylight Time)=>Rank ma issues nai cha. .keta haru ko bronze ma jharcha yetikai
Fri Aug 07 2020 04:47:37 GMT-0400 (Eastern Daylight Time)=>anything else <@!712789056378896514> ?
Fri Aug 07 2020 04:47:46 GMT-0400 (Eastern Daylight Time)=>nope
Fri Aug 07 2020 04:48:08 GMT-0400 (Eastern Daylight Time)=>was just waiting for master rank so asked
Fri Aug 07 2020 04:48:39 GMT-0400 (Eastern Daylight Time)=>.resolve Just wait for few more days(or a week).. check your blocks broken or money.. It will take some time for the rank to get updated. Or else we'll manually change it.
